0 info it worked if it ends with ok
1 verbose cli [ '/usr/bin/node', '/usr/bin/npm', 'install' ]
2 info using npm@1.4.9
3 info using node@v0.10.28
4 verbose node symlink /usr/bin/node
5 verbose readDependencies using package.json deps
6 verbose install where, deps [ '/home/levon/git/dead_process_lister',
6 verbose install   [ 'underscore', 'zmq', 'optimist' ] ]
7 info preinstall deadProcessLister@0.0.1
8 verbose readDependencies using package.json deps
9 verbose already installed skipping optimist@* /home/levon/git/dead_process_lister
10 verbose already installed skipping underscore@* /home/levon/git/dead_process_lister
11 verbose already installed skipping zmq@* /home/levon/git/dead_process_lister
12 silly resolved []
13 info build /home/levon/git/dead_process_lister
14 verbose linkStuff [ false, false, false, '/home/levon/git' ]
15 info linkStuff deadProcessLister@0.0.1
16 verbose linkBins deadProcessLister@0.0.1
17 verbose linkMans deadProcessLister@0.0.1
18 verbose rebuildBundles deadProcessLister@0.0.1
19 verbose rebuildBundles [ '.bin', 'node-inspector', 'optimist', 'underscore', 'zmq' ]
20 verbose rebuild bundle /home/levon/git/dead_process_lister/node_modules/node-inspector
21 info build /home/levon/git/dead_process_lister/node_modules/node-inspector
22 info preinstall node-inspector@0.7.4
23 verbose linkStuff [ false,
23 verbose linkStuff   false,
23 verbose linkStuff   false,
23 verbose linkStuff   '/home/levon/git/dead_process_lister/node_modules' ]
24 info linkStuff node-inspector@0.7.4
25 warn prefer global node-inspector@0.7.4 should be installed with -g
26 verbose linkBins node-inspector@0.7.4
27 verbose link bins [ { 'node-inspector': './bin/inspector.js',
27 verbose link bins     'node-debug': './bin/node-debug.js' },
27 verbose link bins   '/home/levon/git/dead_process_lister/node_modules/.bin',
27 verbose link bins   false ]
28 verbose linkMans node-inspector@0.7.4
29 verbose rebuildBundles node-inspector@0.7.4
30 verbose rebuildBundles [ '.bin',
30 verbose rebuildBundles   'async',
30 verbose rebuildBundles   'debug',
30 verbose rebuildBundles   'express',
30 verbose rebuildBundles   'glob',
30 verbose rebuildBundles   'opener',
30 verbose rebuildBundles   'rc',
30 verbose rebuildBundles   'strong-data-uri',
30 verbose rebuildBundles   'which',
30 verbose rebuildBundles   'ws',
30 verbose rebuildBundles   'yargs' ]
31 error Error: EACCES, unlink '/home/levon/git/dead_process_lister/node_modules/.bin/node-inspector'
31 error  { [Error: EACCES, unlink '/home/levon/git/dead_process_lister/node_modules/.bin/node-inspector']
31 error   errno: 3,
31 error   code: 'EACCES',
31 error   path: '/home/levon/git/dead_process_lister/node_modules/.bin/node-inspector' }
32 error Please try running this command again as root/Administrator.
33 error System Linux 3.5.0-51-generic
34 error command "/usr/bin/node" "/usr/bin/npm" "install"
35 error cwd /home/levon/git/dead_process_lister
36 error node -v v0.10.28
37 error npm -v 1.4.9
38 error path /home/levon/git/dead_process_lister/node_modules/.bin/node-inspector
39 error code EACCES
40 error errno 3
41 error stack Error: EACCES, unlink '/home/levon/git/dead_process_lister/node_modules/.bin/node-inspector'
42 verbose exit [ 3, true ]
